<?xml version="1.0" encoding="UTF-8"?>
<robot generator="Robot 4.0.3 (Python 3.8.4 on win32)" generated="20210609 18:42:17.380" rpa="false" schemaversion="2">
<suite id="s1" name="TestProject" source="E:\python-project\TestProject">
<suite id="s1-s1" name="TestSuite" source="E:\python-project\TestProject\TestSuite.robot">
<test id="s1-s1-t1" name="Test01">
<kw name="Open Browser" library="Selenium2Library">
<arg>http://www.baidu.com</arg>
<arg>chrome</arg>
<doc>Opens a new browser instance to the optional ``url``.</doc>
<msg timestamp="20210609 18:42:17.552" level="INFO">Opening browser 'chrome' to base url 'http://www.baidu.com'.</msg>
<status status="PASS" starttime="20210609 18:42:17.552" endtime="20210609 18:42:19.908"/>
</kw>
<kw name="Input Text" library="Selenium2Library">
<arg>id=kw</arg>
<arg>robot Framework</arg>
<doc>Types the given ``text`` into the text field identified by ``locator``.</doc>
<msg timestamp="20210609 18:42:19.908" level="INFO">Typing text 'robot Framework' into text field 'id=kw'.</msg>
<status status="PASS" starttime="20210609 18:42:19.908" endtime="20210609 18:42:20.058"/>
</kw>
<kw name="Click Button" library="Selenium2Library">
<arg>id=su</arg>
<doc>Clicks the button identified by ``locator``.</doc>
<msg timestamp="20210609 18:42:20.059" level="INFO">Clicking button 'id=su'.</msg>
<status status="PASS" starttime="20210609 18:42:20.059" endtime="20210609 18:42:20.141"/>
</kw>
<kw name="Close Browser" library="Selenium2Library">
<doc>Closes the current browser.</doc>
<status status="PASS" starttime="20210609 18:42:20.142" endtime="20210609 18:42:22.255"/>
</kw>
<status status="PASS" starttime="20210609 18:42:17.552" endtime="20210609 18:42:22.255"/>
</test>
<status status="PASS" starttime="20210609 18:42:17.412" endtime="20210609 18:42:22.255"/>
</suite>
<status status="PASS" starttime="20210609 18:42:17.396" endtime="20210609 18:42:22.255"/>
</suite>
<statistics>
<total>
<stat pass="1" fail="0" skip="0">All Tests</stat>
</total>
<tag>
</tag>
<suite>
<stat pass="1" fail="0" skip="0" id="s1" name="TestProject">TestProject</stat>
<stat pass="1" fail="0" skip="0" id="s1-s1" name="TestSuite">TestProject.TestSuite</stat>
</suite>
</statistics>
<errors>
</errors>
</robot>
